<?xml version="1.0" encoding="UTF-8"?>
<!-- Generated by org.testng.reporters.JUnitReportReporter -->
<testsuite hostname="Test2" name="testCases.BookingForm" tests="1" failures="0" timestamp="18 May 2019 06:10:50 GMT" time="0.005" errors="0">
  <testcase name="BookingOperation" time="0.005" classname="testCases.BookingForm"/>
</testsuite> <!-- testCases.BookingForm -->
